2023-03-12 01:25:29,541 [Worker-7: Loading available Gradle versions] INFO  o.e.b.c.i.u.g.PublishedGradleVersions - Gradle version information cache is up-to-date. Trying to read.
2023-03-12 01:26:43,942 [Worker-1: Importing Maven projects] INFO  o.e.m.c.i.l.LifecycleMappingFactory - Using org.eclipse.m2e.jdt.JarLifecycleMapping lifecycle mapping for MavenProject: com.app:Home_Services:0.0.1-SNAPSHOT @ C:\Users\Suraj\Desktop\java\Backend\Backend\Home_Services\pom.xml.
2023-03-12 01:26:46,420 [Worker-1: Importing Maven projects] INFO  o.e.m.j.i.AbstractJavaProjectConfigurator - Adding source folder /Home_Services/src/main/java
2023-03-12 01:26:46,421 [Worker-1: Importing Maven projects] INFO  o.e.m.j.i.AbstractJavaProjectConfigurator - Adding resource folder /Home_Services/src/main/resources
2023-03-12 01:26:46,424 [Worker-1: Importing Maven projects] INFO  o.e.m.j.i.AbstractJavaProjectConfigurator - Adding resource folder /Home_Services/src/main/resources
2023-03-12 01:26:46,426 [Worker-1: Importing Maven projects] INFO  o.e.m.j.i.AbstractJavaProjectConfigurator - Adding source folder /Home_Services/src/test/java
2023-03-12 01:26:46,883 [Worker-1: Importing Maven projects] INFO  o.e.m.c.i.p.ProjectConfigurationManager - Imported and configured 1 project(s) in 5 sec
2023-03-12 01:26:49,371 [Worker-24: Building] INFO  o.e.m.c.i.embedder.EclipseLogger - Using 'UTF-8' encoding to copy filtered resources.
2023-03-12 01:26:49,372 [Worker-24: Building] INFO  o.e.m.c.i.embedder.EclipseLogger - Using 'UTF-8' encoding to copy filtered properties files.
2023-03-12 01:26:49,379 [Worker-24: Building] INFO  o.e.m.c.i.embedder.EclipseLogger - Copying 1 resource
2023-03-12 01:26:49,399 [Worker-24: Building] INFO  o.e.m.c.i.embedder.EclipseLogger - Copying 0 resource
2023-03-12 01:26:49,403 [Worker-24: Building] INFO  o.e.m.c.i.embedder.EclipseLogger - Using 'UTF-8' encoding to copy filtered resources.
2023-03-12 01:26:49,404 [Worker-24: Building] INFO  o.e.m.c.i.embedder.EclipseLogger - Using 'UTF-8' encoding to copy filtered properties files.
2023-03-12 01:26:49,404 [Worker-24: Building] INFO  o.e.m.c.i.embedder.EclipseLogger - skip non existing resourceDirectory C:\Users\Suraj\Desktop\java\Backend\Backend\Home_Services\src\test\resources
2023-03-12 01:27:32,048 [Worker-12: Building] INFO  o.e.m.c.i.embedder.EclipseLogger - Using 'UTF-8' encoding to copy filtered resources.
2023-03-12 01:27:32,048 [Worker-12: Building] INFO  o.e.m.c.i.embedder.EclipseLogger - Using 'UTF-8' encoding to copy filtered properties files.
2023-03-12 01:27:32,050 [Worker-12: Building] INFO  o.e.m.c.i.embedder.EclipseLogger - Copying 0 resource
2023-03-12 01:27:32,051 [Worker-12: Building] INFO  o.e.m.c.i.embedder.EclipseLogger - Copying 0 resource
2023-03-12 01:27:32,054 [Worker-12: Building] INFO  o.e.m.c.i.embedder.EclipseLogger - Using 'UTF-8' encoding to copy filtered resources.
2023-03-12 01:27:32,054 [Worker-12: Building] INFO  o.e.m.c.i.embedder.EclipseLogger - Using 'UTF-8' encoding to copy filtered properties files.
2023-03-12 01:27:32,054 [Worker-12: Building] INFO  o.e.m.c.i.embedder.EclipseLogger - skip non existing resourceDirectory C:\Users\Suraj\Desktop\java\Backend\Backend\Home_Services\src\test\resources
2023-03-12 01:47:59,851 [main] INFO  o.e.m2e.actions.ExecutePomAction - Creating new launch configuration
2023-03-12 01:48:09,817 [Worker-6: Launching Home_Services] INFO  o.e.m.i.launch.MavenLaunchDelegate - C:\Users\Suraj\Desktop\java\Backend\Backend\Home_Services
2023-03-12 01:48:09,834 [Worker-6: Launching Home_Services] INFO  o.e.m.i.launch.MavenLaunchDelegate -  mvn -B install
2023-03-12 01:48:09,920 [Worker-1: Building] INFO  o.e.m.c.i.embedder.EclipseLogger - Using 'UTF-8' encoding to copy filtered resources.
2023-03-12 01:48:09,920 [Worker-1: Building] INFO  o.e.m.c.i.embedder.EclipseLogger - Using 'UTF-8' encoding to copy filtered properties files.
2023-03-12 01:48:09,922 [Worker-1: Building] INFO  o.e.m.c.i.embedder.EclipseLogger - Copying 1 resource
2023-03-12 01:48:09,940 [Worker-1: Building] INFO  o.e.m.c.i.embedder.EclipseLogger - Copying 0 resource
2023-03-12 01:48:09,943 [Worker-1: Building] INFO  o.e.m.c.i.embedder.EclipseLogger - Using 'UTF-8' encoding to copy filtered resources.
2023-03-12 01:48:09,943 [Worker-1: Building] INFO  o.e.m.c.i.embedder.EclipseLogger - Using 'UTF-8' encoding to copy filtered properties files.
2023-03-12 01:48:09,943 [Worker-1: Building] INFO  o.e.m.c.i.embedder.EclipseLogger - skip non existing resourceDirectory C:\Users\Suraj\Desktop\java\Backend\Backend\Home_Services\src\test\resources
2023-03-12 01:49:07,258 [Worker-1: Launching Executing clean in C__Users_Suraj_Desktop_java_Backend_Backend_Home_Services] INFO  o.e.m.i.launch.MavenLaunchDelegate - C:\Users\Suraj\Desktop\java\Backend\Backend\Home_Services
2023-03-12 01:49:07,259 [Worker-1: Launching Executing clean in C__Users_Suraj_Desktop_java_Backend_Backend_Home_Services] INFO  o.e.m.i.launch.MavenLaunchDelegate -  mvn -B clean
2023-03-12 01:49:26,648 [Worker-29: Building] INFO  o.e.m.c.i.embedder.EclipseLogger - Using 'UTF-8' encoding to copy filtered resources.
2023-03-12 01:49:26,649 [Worker-29: Building] INFO  o.e.m.c.i.embedder.EclipseLogger - Using 'UTF-8' encoding to copy filtered properties files.
2023-03-12 01:49:26,657 [Worker-29: Building] INFO  o.e.m.c.i.embedder.EclipseLogger - Copying 1 resource
2023-03-12 01:49:26,662 [Worker-29: Building] INFO  o.e.m.c.i.embedder.EclipseLogger - Copying 0 resource
2023-03-12 01:49:26,665 [Worker-29: Building] INFO  o.e.m.c.i.embedder.EclipseLogger - Using 'UTF-8' encoding to copy filtered resources.
2023-03-12 01:49:26,665 [Worker-29: Building] INFO  o.e.m.c.i.embedder.EclipseLogger - Using 'UTF-8' encoding to copy filtered properties files.
2023-03-12 01:49:26,665 [Worker-29: Building] INFO  o.e.m.c.i.embedder.EclipseLogger - skip non existing resourceDirectory C:\Users\Suraj\Desktop\java\Backend\Backend\Home_Services\src\test\resources
2023-03-12 01:49:39,785 [main] INFO  o.e.m2e.actions.ExecutePomAction - Creating new launch configuration
2023-03-12 01:49:46,578 [Worker-1: Launching Home_Services (1)] INFO  o.e.m.i.launch.MavenLaunchDelegate - C:\Users\Suraj\Desktop\java\Backend\Backend\Home_Services
2023-03-12 01:49:46,578 [Worker-1: Launching Home_Services (1)] INFO  o.e.m.i.launch.MavenLaunchDelegate -  mvn -B install
2023-03-12 01:50:09,302 [Worker-29: Updating Maven Project] INFO  o.e.m.c.i.p.ProjectConfigurationManager - Update started
2023-03-12 01:50:09,914 [Worker-29: Updating Maven Project] INFO  o.e.m.c.i.l.LifecycleMappingFactory - Using org.eclipse.m2e.jdt.JarLifecycleMapping lifecycle mapping for MavenProject: com.app:Home_Services:0.0.1-SNAPSHOT @ C:\Users\Suraj\Desktop\java\Backend\Backend\Home_Services\pom.xml.
2023-03-12 01:50:11,051 [Worker-29: Updating Maven Project] INFO  o.e.m.j.i.AbstractJavaProjectConfigurator - Adding source folder /Home_Services/src/main/java
2023-03-12 01:50:11,051 [Worker-29: Updating Maven Project] INFO  o.e.m.j.i.AbstractJavaProjectConfigurator - Adding resource folder /Home_Services/src/main/resources
2023-03-12 01:50:11,052 [Worker-29: Updating Maven Project] INFO  o.e.m.j.i.AbstractJavaProjectConfigurator - Adding resource folder /Home_Services/src/main/resources
2023-03-12 01:50:11,052 [Worker-29: Updating Maven Project] INFO  o.e.m.j.i.AbstractJavaProjectConfigurator - Adding source folder /Home_Services/src/test/java
2023-03-12 01:50:11,364 [Worker-29: Updating Maven Project] INFO  o.e.m.c.i.p.ProjectConfigurationManager - Update completed: 2 sec
2023-03-12 01:50:12,822 [Worker-33: Building] INFO  o.e.m.c.i.embedder.EclipseLogger - Using 'UTF-8' encoding to copy filtered resources.
2023-03-12 01:50:12,822 [Worker-33: Building] INFO  o.e.m.c.i.embedder.EclipseLogger - Using 'UTF-8' encoding to copy filtered properties files.
2023-03-12 01:50:12,823 [Worker-33: Building] INFO  o.e.m.c.i.embedder.EclipseLogger - Copying 1 resource
2023-03-12 01:50:12,849 [Worker-33: Building] INFO  o.e.m.c.i.embedder.EclipseLogger - Copying 0 resource
2023-03-12 01:50:12,853 [Worker-33: Building] INFO  o.e.m.c.i.embedder.EclipseLogger - Using 'UTF-8' encoding to copy filtered resources.
2023-03-12 01:50:12,853 [Worker-33: Building] INFO  o.e.m.c.i.embedder.EclipseLogger - Using 'UTF-8' encoding to copy filtered properties files.
2023-03-12 01:50:12,853 [Worker-33: Building] INFO  o.e.m.c.i.embedder.EclipseLogger - skip non existing resourceDirectory C:\Users\Suraj\Desktop\java\Backend\Backend\Home_Services\src\test\resources
2023-03-12 01:50:49,655 [main] INFO  o.e.m2e.actions.ExecutePomAction - Creating new launch configuration
2023-03-12 01:50:56,540 [Worker-30: Launching Home_Services (2)] INFO  o.e.m.i.launch.MavenLaunchDelegate - C:\Users\Suraj\Desktop\java\Backend\Backend\Home_Services
2023-03-12 01:50:56,541 [Worker-30: Launching Home_Services (2)] INFO  o.e.m.i.launch.MavenLaunchDelegate -  mvn -B install
2023-03-12 15:25:25,419 [Worker-2: Loading available Gradle versions] INFO  o.e.b.c.i.u.g.PublishedGradleVersions - Gradle version information cache is up-to-date. Trying to read.
2023-03-12 15:25:29,675 [Worker-11: Building] INFO  o.e.m.c.i.embedder.EclipseLogger - Using 'UTF-8' encoding to copy filtered resources.
2023-03-12 15:25:29,676 [Worker-11: Building] INFO  o.e.m.c.i.embedder.EclipseLogger - Using 'UTF-8' encoding to copy filtered properties files.
2023-03-12 15:25:29,679 [Worker-11: Building] INFO  o.e.m.c.i.embedder.EclipseLogger - Copying 1 resource
2023-03-12 15:25:29,697 [Worker-11: Building] INFO  o.e.m.c.i.embedder.EclipseLogger - Copying 0 resource
2023-03-12 15:25:29,701 [Worker-11: Building] INFO  o.e.m.c.i.embedder.EclipseLogger - Using 'UTF-8' encoding to copy filtered resources.
2023-03-12 15:25:29,701 [Worker-11: Building] INFO  o.e.m.c.i.embedder.EclipseLogger - Using 'UTF-8' encoding to copy filtered properties files.
2023-03-12 15:25:29,701 [Worker-11: Building] INFO  o.e.m.c.i.embedder.EclipseLogger - skip non existing resourceDirectory C:\Users\Suraj\Desktop\java\Backend\Backend\Home_Services\src\test\resources
2023-03-12 15:26:00,158 [main] INFO  o.e.m2e.actions.ExecutePomAction - Creating new launch configuration
